<?xml version="1.0" encoding="UTF-8"?>
<testsuite xmlns:xsi="http://www.w3.org/2001/XMLSchema-instance" xsi:noNamespaceSchemaLocation="https://maven.apache.org/surefire/maven-surefire-plugin/xsd/surefire-test-report.xsd" name="com.Chip.runners.FailedTestRunner" time="1.064" tests="5" errors="0" skipped="0" failures="4">
  <properties>
    <property name="awt.toolkit" value="sun.lwawt.macosx.LWCToolkit"/>
    <property name="java.specification.version" value="12"/>
    <property name="sun.jnu.encoding" value="UTF-8"/>
    <property name="java.class.path" value="/Users/o/IdeaProjects/ChipProject/target/test-classes:/Users/o/IdeaProjects/ChipProject/target/classes:/Users/o/.m2/repository/io/rest-assured/rest-assured/4.2.0/rest-assured-4.2.0.jar:/Users/o/.m2/repository/org/codehaus/groovy/groovy/2.5.8/groovy-2.5.8.jar:/Users/o/.m2/repository/org/codehaus/groovy/groovy-xml/2.5.8/groovy-xml-2.5.8.jar:/Users/o/.m2/repository/org/apache/httpcomponents/httpclient/4.5.3/httpclient-4.5.3.jar:/Users/o/.m2/repository/org/apache/httpcomponents/httpcore/4.4.6/httpcore-4.4.6.jar:/Users/o/.m2/repository/commons-logging/commons-logging/1.2/commons-logging-1.2.jar:/Users/o/.m2/repository/commons-codec/commons-codec/1.9/commons-codec-1.9.jar:/Users/o/.m2/repository/org/apache/httpcomponents/httpmime/4.5.3/httpmime-4.5.3.jar:/Users/o/.m2/repository/org/hamcrest/hamcrest/2.1/hamcrest-2.1.jar:/Users/o/.m2/repository/org/ccil/cowan/tagsoup/tagsoup/1.2.1/tagsoup-1.2.1.jar:/Users/o/.m2/repository/io/rest-assured/json-path/4.2.0/json-path-4.2.0.jar:/Users/o/.m2/repository/org/codehaus/groovy/groovy-json/2.5.8/groovy-json-2.5.8.jar:/Users/o/.m2/repository/io/rest-assured/rest-assured-common/4.2.0/rest-assured-common-4.2.0.jar:/Users/o/.m2/repository/io/rest-assured/xml-path/4.2.0/xml-path-4.2.0.jar:/Users/o/.m2/repository/jakarta/xml/bind/jakarta.xml.bind-api/2.3.2/jakarta.xml.bind-api-2.3.2.jar:/Users/o/.m2/repository/jakarta/activation/jakarta.activation-api/1.2.1/jakarta.activation-api-1.2.1.jar:/Users/o/.m2/repository/com/sun/xml/bind/jaxb-osgi/2.3.0.1/jaxb-osgi-2.3.0.1.jar:/Users/o/.m2/repository/org/apache/sling/org.apache.sling.javax.activation/0.1.0/org.apache.sling.javax.activation-0.1.0.jar:/Users/o/.m2/repository/javax/activation/activation/1.1.1/activation-1.1.1.jar:/Users/o/.m2/repository/com/google/code/gson/gson/2.8.6/gson-2.8.6.jar:/Users/o/.m2/repository/org/seleniumhq/selenium/selenium-java/3.141.59/selenium-java-3.141.59.jar:/Users/o/.m2/repository/org/seleniumhq/selenium/selenium-api/3.141.59/selenium-api-3.141.59.jar:/Users/o/.m2/repository/org/seleniumhq/selenium/selenium-chrome-driver/3.141.59/selenium-chrome-driver-3.141.59.jar:/Users/o/.m2/repository/org/seleniumhq/selenium/selenium-edge-driver/3.141.59/selenium-edge-driver-3.141.59.jar:/Users/o/.m2/repository/org/seleniumhq/selenium/selenium-firefox-driver/3.141.59/selenium-firefox-driver-3.141.59.jar:/Users/o/.m2/repository/org/seleniumhq/selenium/selenium-ie-driver/3.141.59/selenium-ie-driver-3.141.59.jar:/Users/o/.m2/repository/org/seleniumhq/selenium/selenium-opera-driver/3.141.59/selenium-opera-driver-3.141.59.jar:/Users/o/.m2/repository/org/seleniumhq/selenium/selenium-remote-driver/3.141.59/selenium-remote-driver-3.141.59.jar:/Users/o/.m2/repository/org/seleniumhq/selenium/selenium-safari-driver/3.141.59/selenium-safari-driver-3.141.59.jar:/Users/o/.m2/repository/org/seleniumhq/selenium/selenium-support/3.141.59/selenium-support-3.141.59.jar:/Users/o/.m2/repository/net/bytebuddy/byte-buddy/1.8.15/byte-buddy-1.8.15.jar:/Users/o/.m2/repository/org/apache/commons/commons-exec/1.3/commons-exec-1.3.jar:/Users/o/.m2/repository/com/google/guava/guava/25.0-jre/guava-25.0-jre.jar:/Users/o/.m2/repository/com/google/code/findbugs/jsr305/1.3.9/jsr305-1.3.9.jar:/Users/o/.m2/repository/org/checkerframework/checker-compat-qual/2.0.0/checker-compat-qual-2.0.0.jar:/Users/o/.m2/repository/com/google/errorprone/error_prone_annotations/2.1.3/error_prone_annotations-2.1.3.jar:/Users/o/.m2/repository/com/google/j2objc/j2objc-annotations/1.1/j2objc-annotations-1.1.jar:/Users/o/.m2/repository/org/codehaus/mojo/animal-sniffer-annotations/1.14/animal-sniffer-annotations-1.14.jar:/Users/o/.m2/repository/com/squareup/okhttp3/okhttp/3.11.0/okhttp-3.11.0.jar:/Users/o/.m2/repository/com/squareup/okio/okio/1.14.0/okio-1.14.0.jar:/Users/o/.m2/repository/io/github/bonigarcia/webdrivermanager/3.8.0/webdrivermanager-3.8.0.jar:/Users/o/.m2/repository/org/slf4j/slf4j-api/1.7.25/slf4j-api-1.7.25.jar:/Users/o/.m2/repository/commons-io/commons-io/2.6/commons-io-2.6.jar:/Users/o/.m2/repository/org/apache/commons/commons-lang3/3.8.1/commons-lang3-3.8.1.jar:/Users/o/.m2/repository/org/rauschig/jarchivelib/1.0.0/jarchivelib-1.0.0.jar:/Users/o/.m2/repository/org/apache/commons/commons-compress/1.18/commons-compress-1.18.jar:/Users/o/.m2/repository/org/jsoup/jsoup/1.11.3/jsoup-1.11.3.jar:/Users/o/.m2/repository/io/cucumber/cucumber-junit/4.8.1/cucumber-junit-4.8.1.jar:/Users/o/.m2/repository/org/apiguardian/apiguardian-api/1.1.0/apiguardian-api-1.1.0.jar:/Users/o/.m2/repository/io/cucumber/cucumber-core/4.8.1/cucumber-core-4.8.1.jar:/Users/o/.m2/repository/io/cucumber/gherkin/5.1.0/gherkin-5.1.0.jar:/Users/o/.m2/repository/io/cucumber/tag-expressions/1.1.1/tag-expressions-1.1.1.jar:/Users/o/.m2/repository/io/cucumber/cucumber-expressions/7.0.2/cucumber-expressions-7.0.2.jar:/Users/o/.m2/repository/io/cucumber/datatable/1.1.14/datatable-1.1.14.jar:/Users/o/.m2/repository/io/cucumber/datatable-dependencies/1.1.14/datatable-dependencies-1.1.14.jar:/Users/o/.m2/repository/junit/junit/4.12/junit-4.12.jar:/Users/o/.m2/repository/org/hamcrest/hamcrest-core/1.3/hamcrest-core-1.3.jar:/Users/o/.m2/repository/io/cucumber/cucumber-java/4.8.1/cucumber-java-4.8.1.jar:"/>
    <property name="java.vm.vendor" value="Oracle Corporation"/>
    <property name="sun.arch.data.model" value="64"/>
    <property name="java.vendor.url" value="https://java.oracle.com/"/>
    <property name="os.name" value="Mac OS X"/>
    <property name="java.vm.specification.version" value="12"/>
    <property name="sun.java.launcher" value="SUN_STANDARD"/>
    <property name="user.country" value="GB"/>
    <property name="sun.boot.library.path" value="/Library/Java/JavaVirtualMachines/jdk-12.0.1.jdk/Contents/Home/lib"/>
    <property name="sun.java.command" value="/Users/o/IdeaProjects/ChipProject/target/surefire/surefirebooter2581899065976096938.jar /Users/o/IdeaProjects/ChipProject/target/surefire 2020-12-19T15-22-58_788-jvmRun1 surefire465248680329556369tmp surefire_03485353515395064039tmp"/>
    <property name="http.nonProxyHosts" value="local|*.local|169.254/16|*.169.254/16"/>
    <property name="jdk.debug" value="release"/>
    <property name="surefire.test.class.path" value="/Users/o/IdeaProjects/ChipProject/target/test-classes:/Users/o/IdeaProjects/ChipProject/target/classes:/Users/o/.m2/repository/io/rest-assured/rest-assured/4.2.0/rest-assured-4.2.0.jar:/Users/o/.m2/repository/org/codehaus/groovy/groovy/2.5.8/groovy-2.5.8.jar:/Users/o/.m2/repository/org/codehaus/groovy/groovy-xml/2.5.8/groovy-xml-2.5.8.jar:/Users/o/.m2/repository/org/apache/httpcomponents/httpclient/4.5.3/httpclient-4.5.3.jar:/Users/o/.m2/repository/org/apache/httpcomponents/httpcore/4.4.6/httpcore-4.4.6.jar:/Users/o/.m2/repository/commons-logging/commons-logging/1.2/commons-logging-1.2.jar:/Users/o/.m2/repository/commons-codec/commons-codec/1.9/commons-codec-1.9.jar:/Users/o/.m2/repository/org/apache/httpcomponents/httpmime/4.5.3/httpmime-4.5.3.jar:/Users/o/.m2/repository/org/hamcrest/hamcrest/2.1/hamcrest-2.1.jar:/Users/o/.m2/repository/org/ccil/cowan/tagsoup/tagsoup/1.2.1/tagsoup-1.2.1.jar:/Users/o/.m2/repository/io/rest-assured/json-path/4.2.0/json-path-4.2.0.jar:/Users/o/.m2/repository/org/codehaus/groovy/groovy-json/2.5.8/groovy-json-2.5.8.jar:/Users/o/.m2/repository/io/rest-assured/rest-assured-common/4.2.0/rest-assured-common-4.2.0.jar:/Users/o/.m2/repository/io/rest-assured/xml-path/4.2.0/xml-path-4.2.0.jar:/Users/o/.m2/repository/jakarta/xml/bind/jakarta.xml.bind-api/2.3.2/jakarta.xml.bind-api-2.3.2.jar:/Users/o/.m2/repository/jakarta/activation/jakarta.activation-api/1.2.1/jakarta.activation-api-1.2.1.jar:/Users/o/.m2/repository/com/sun/xml/bind/jaxb-osgi/2.3.0.1/jaxb-osgi-2.3.0.1.jar:/Users/o/.m2/repository/org/apache/sling/org.apache.sling.javax.activation/0.1.0/org.apache.sling.javax.activation-0.1.0.jar:/Users/o/.m2/repository/javax/activation/activation/1.1.1/activation-1.1.1.jar:/Users/o/.m2/repository/com/google/code/gson/gson/2.8.6/gson-2.8.6.jar:/Users/o/.m2/repository/org/seleniumhq/selenium/selenium-java/3.141.59/selenium-java-3.141.59.jar:/Users/o/.m2/repository/org/seleniumhq/selenium/selenium-api/3.141.59/selenium-api-3.141.59.jar:/Users/o/.m2/repository/org/seleniumhq/selenium/selenium-chrome-driver/3.141.59/selenium-chrome-driver-3.141.59.jar:/Users/o/.m2/repository/org/seleniumhq/selenium/selenium-edge-driver/3.141.59/selenium-edge-driver-3.141.59.jar:/Users/o/.m2/repository/org/seleniumhq/selenium/selenium-firefox-driver/3.141.59/selenium-firefox-driver-3.141.59.jar:/Users/o/.m2/repository/org/seleniumhq/selenium/selenium-ie-driver/3.141.59/selenium-ie-driver-3.141.59.jar:/Users/o/.m2/repository/org/seleniumhq/selenium/selenium-opera-driver/3.141.59/selenium-opera-driver-3.141.59.jar:/Users/o/.m2/repository/org/seleniumhq/selenium/selenium-remote-driver/3.141.59/selenium-remote-driver-3.141.59.jar:/Users/o/.m2/repository/org/seleniumhq/selenium/selenium-safari-driver/3.141.59/selenium-safari-driver-3.141.59.jar:/Users/o/.m2/repository/org/seleniumhq/selenium/selenium-support/3.141.59/selenium-support-3.141.59.jar:/Users/o/.m2/repository/net/bytebuddy/byte-buddy/1.8.15/byte-buddy-1.8.15.jar:/Users/o/.m2/repository/org/apache/commons/commons-exec/1.3/commons-exec-1.3.jar:/Users/o/.m2/repository/com/google/guava/guava/25.0-jre/guava-25.0-jre.jar:/Users/o/.m2/repository/com/google/code/findbugs/jsr305/1.3.9/jsr305-1.3.9.jar:/Users/o/.m2/repository/org/checkerframework/checker-compat-qual/2.0.0/checker-compat-qual-2.0.0.jar:/Users/o/.m2/repository/com/google/errorprone/error_prone_annotations/2.1.3/error_prone_annotations-2.1.3.jar:/Users/o/.m2/repository/com/google/j2objc/j2objc-annotations/1.1/j2objc-annotations-1.1.jar:/Users/o/.m2/repository/org/codehaus/mojo/animal-sniffer-annotations/1.14/animal-sniffer-annotations-1.14.jar:/Users/o/.m2/repository/com/squareup/okhttp3/okhttp/3.11.0/okhttp-3.11.0.jar:/Users/o/.m2/repository/com/squareup/okio/okio/1.14.0/okio-1.14.0.jar:/Users/o/.m2/repository/io/github/bonigarcia/webdrivermanager/3.8.0/webdrivermanager-3.8.0.jar:/Users/o/.m2/repository/org/slf4j/slf4j-api/1.7.25/slf4j-api-1.7.25.jar:/Users/o/.m2/repository/commons-io/commons-io/2.6/commons-io-2.6.jar:/Users/o/.m2/repository/org/apache/commons/commons-lang3/3.8.1/commons-lang3-3.8.1.jar:/Users/o/.m2/repository/org/rauschig/jarchivelib/1.0.0/jarchivelib-1.0.0.jar:/Users/o/.m2/repository/org/apache/commons/commons-compress/1.18/commons-compress-1.18.jar:/Users/o/.m2/repository/org/jsoup/jsoup/1.11.3/jsoup-1.11.3.jar:/Users/o/.m2/repository/io/cucumber/cucumber-junit/4.8.1/cucumber-junit-4.8.1.jar:/Users/o/.m2/repository/org/apiguardian/apiguardian-api/1.1.0/apiguardian-api-1.1.0.jar:/Users/o/.m2/repository/io/cucumber/cucumber-core/4.8.1/cucumber-core-4.8.1.jar:/Users/o/.m2/repository/io/cucumber/gherkin/5.1.0/gherkin-5.1.0.jar:/Users/o/.m2/repository/io/cucumber/tag-expressions/1.1.1/tag-expressions-1.1.1.jar:/Users/o/.m2/repository/io/cucumber/cucumber-expressions/7.0.2/cucumber-expressions-7.0.2.jar:/Users/o/.m2/repository/io/cucumber/datatable/1.1.14/datatable-1.1.14.jar:/Users/o/.m2/repository/io/cucumber/datatable-dependencies/1.1.14/datatable-dependencies-1.1.14.jar:/Users/o/.m2/repository/junit/junit/4.12/junit-4.12.jar:/Users/o/.m2/repository/org/hamcrest/hamcrest-core/1.3/hamcrest-core-1.3.jar:/Users/o/.m2/repository/io/cucumber/cucumber-java/4.8.1/cucumber-java-4.8.1.jar:"/>
    <property name="sun.cpu.endian" value="little"/>
    <property name="user.home" value="/Users/o"/>
    <property name="user.language" value="en"/>
    <property name="java.specification.vendor" value="Oracle Corporation"/>
    <property name="java.version.date" value="2019-04-16"/>
    <property name="java.home" value="/Library/Java/JavaVirtualMachines/jdk-12.0.1.jdk/Contents/Home"/>
    <property name="file.separator" value="/"/>
    <property name="basedir" value="/Users/o/IdeaProjects/ChipProject"/>
    <property name="java.vm.compressedOopsMode" value="Zero based"/>
    <property name="line.separator" value="&#10;"/>
    <property name="java.vm.specification.vendor" value="Oracle Corporation"/>
    <property name="java.specification.name" value="Java Platform API Specification"/>
    <property name="java.awt.graphicsenv" value="sun.awt.CGraphicsEnvironment"/>
    <property name="surefire.real.class.path" value="/Users/o/IdeaProjects/ChipProject/target/surefire/surefirebooter2581899065976096938.jar"/>
    <property name="sun.management.compiler" value="HotSpot 64-Bit Tiered Compilers"/>
    <property name="ftp.nonProxyHosts" value="local|*.local|169.254/16|*.169.254/16"/>
    <property name="java.runtime.version" value="12.0.1+12"/>
    <property name="user.name" value="o"/>
    <property name="path.separator" value=":"/>
    <property name="os.version" value="10.15.7"/>
    <property name="java.runtime.name" value="Java(TM) SE Runtime Environment"/>
    <property name="file.encoding" value="UTF-8"/>
    <property name="java.vm.name" value="Java HotSpot(TM) 64-Bit Server VM"/>
    <property name="localRepository" value="/Users/o/.m2/repository"/>
    <property name="java.vendor.url.bug" value="https://bugreport.java.com/bugreport/"/>
    <property name="java.io.tmpdir" value="/var/folders/bx/qy0hspkd6_n10fd9c_t6__m80000gn/T/"/>
    <property name="idea.version" value="2020.2.3"/>
    <property name="java.version" value="12.0.1"/>
    <property name="user.dir" value="/Users/o/IdeaProjects/ChipProject"/>
    <property name="os.arch" value="x86_64"/>
    <property name="java.vm.specification.name" value="Java Virtual Machine Specification"/>
    <property name="java.library.path" value="/Users/o/Library/Java/Extensions:/Library/Java/Extensions:/Network/Library/Java/Extensions:/System/Library/Java/Extensions:/usr/lib/java:."/>
    <property name="java.vm.info" value="mixed mode, sharing"/>
    <property name="java.vendor" value="Oracle Corporation"/>
    <property name="java.vm.version" value="12.0.1+12"/>
    <property name="sun.io.unicode.encoding" value="UnicodeBig"/>
    <property name="socksNonProxyHosts" value="local|*.local|169.254/16|*.169.254/16"/>
    <property name="java.class.version" value="56.0"/>
  </properties>
  <testcase name="User should be able to add some words as profanity list and replace it by &apos;removed&apos;" classname="PurgoMalum Tests" time="0.223">
    <failure message="expected:&lt;he is [removed] [][removed]&gt; but was:&lt;he is [removed] [ ][removed]&gt;" type="org.junit.ComparisonFailure"><![CDATA[org.junit.ComparisonFailure: expected:<he is [removed] [][removed]> but was:<he is [removed] [ ][removed]>
]]></failure>
    <system-out><![CDATA[words = 10
profanityWord = 2
HTTP/1.1 200 OK
Content-Type: application/json
Access-Control-Allow-Origin: *
X-Cloud-Trace-Context: f0557205fd6b584182f86784e6b5561a
Date: Sat, 19 Dec 2020 15:23:06 GMT
Server: Google Frontend
Content-Length: 39

{
    "result": "he is [removed]  [removed]"
}
]]></system-out>
  </testcase>
  <testcase name="User should not be able to add more than 10 words as profanity list" classname="PurgoMalum Tests" time="0.213">
    <failure message="expected:&lt;400&gt; but was:&lt;200&gt;" type="java.lang.AssertionError"><![CDATA[java.lang.AssertionError: expected:<400> but was:<200>
]]></failure>
    <system-out><![CDATA[words = 53
profanityWord = 11
HTTP/1.1 200 OK
Content-Type: application/json
Access-Control-Allow-Origin: *
X-Cloud-Trace-Context: f1f8f42cb0ecf780ef7a3c2ee6695716
Date: Sat, 19 Dec 2020 15:23:06 GMT
Server: Google Frontend
Content-Length: 54

{
    "error": "User Black List Exceeds Limit of 10 Words."
}
]]></system-out>
  </testcase>
  <testcase name="User should not be able to add a word more than 200 characters as profanity list" classname="PurgoMalum Tests" time="0.209">
    <failure message="expected:&lt;400&gt; but was:&lt;200&gt;" type="java.lang.AssertionError"><![CDATA[java.lang.AssertionError: expected:<400> but was:<200>
]]></failure>
    <system-out><![CDATA[words = 201
profanityWord = 1
HTTP/1.1 200 OK
Content-Type: application/json
Access-Control-Allow-Origin: *
X-Cloud-Trace-Context: a0255da3d7bfce485e8c4f5e253c8789
Date: Sat, 19 Dec 2020 15:23:06 GMT
Server: Google Frontend
Content-Length: 54

{
    "error": "User Black List Exceeds Limit of 10 Words."
}
]]></system-out>
  </testcase>
  <testcase name="User should not be able to add a replacement word more that 20 characters" classname="PurgoMalum Tests" time="0.202">
    <failure message="expected:&lt;400&gt; but was:&lt;200&gt;" type="java.lang.AssertionError"><![CDATA[java.lang.AssertionError: expected:<400> but was:<200>
]]></failure>
    <system-out><![CDATA[words = 5
profanityWord = 1
HTTP/1.1 200 OK
Content-Type: application/json
Access-Control-Allow-Origin: *
X-Cloud-Trace-Context: 2ff0b2ef4f6df066fd0513d801a6bfdf
Date: Sat, 19 Dec 2020 15:23:06 GMT
Server: Google Frontend
Content-Length: 65

{
    "error": "User Replacement Text Exceeds Limit of 20 Characters."
}
]]></system-out>
  </testcase>
  <testcase name="User should be able to replace words by invalid character" classname="PurgoMalum Tests" time="0.215"/>
</testsuite>